<?xml version="1.0" encoding="UTF-8"?>
<testng-results skipped="0" failed="0" ignored="0" total="1" passed="1">
  <reporter-output>
  </reporter-output>
  <suite name="Suite" duration-ms="36217" started-at="2021-06-12T00:17:54 BDT" finished-at="2021-06-12T00:18:30 BDT">
    <groups>
    </groups>
    <test name="Test" duration-ms="36217" started-at="2021-06-12T00:17:54 BDT" finished-at="2021-06-12T00:18:30 BDT">
      <class name="com.openCart.testcase.TC_DD_Login_003">
        <test-method status="PASS" signature="setup(java.lang.String)[pri:0, instance:com.openCart.testcase.TC_DD_Login_003@587d1d39]" name="setup" is-config="true" duration-ms="2586" started-at="2021-06-12T00:17:54 BDT" finished-at="2021-06-12T00:17:57 BDT">
          <params>
            <param index="0">
              <value>
                <![CDATA[chrome]]>
              </value>
            </param>
          </params>
          <reporter-output>
          </reporter-output>
        </test-method> <!-- setup -->
        <test-method status="PASS" signature="loginTest()[pri:0, instance:com.openCart.testcase.TC_DD_Login_003@587d1d39]" name="loginTest" duration-ms="29859" started-at="2021-06-12T00:17:57 BDT" finished-at="2021-06-12T00:18:27 BDT">
          <reporter-output>
          </reporter-output>
        </test-method> <!-- loginTest -->
        <test-method status="PASS" signature="teardown()[pri:0, instance:com.openCart.testcase.TC_DD_Login_003@587d1d39]" name="teardown" is-config="true" duration-ms="3631" started-at="2021-06-12T00:18:27 BDT" finished-at="2021-06-12T00:18:30 BDT">
          <reporter-output>
          </reporter-output>
        </test-method> <!-- teardown -->
      </class> <!-- com.openCart.testcase.TC_DD_Login_003 -->
    </test> <!-- Test -->
  </suite> <!-- Suite -->
</testng-results>
